<?xml version="1.0" encoding="UTF-8"?>
<testng-results ignored="0" total="1" passed="1" failed="0" skipped="0">
  <reporter-output>
  </reporter-output>
  <suite started-at="2025-07-24T13:06:44 IST" name="Default suite" finished-at="2025-07-24T13:06:52 IST" duration-ms="7919">
    <groups>
    </groups>
    <test started-at="2025-07-24T13:06:44 IST" name="Default test" finished-at="2025-07-24T13:06:52 IST" duration-ms="7919">
      <class name="Test_window.HDFCWindow_test">
        <test-method is-config="true" signature="LaunchBrowser()[pri:0, instance:Test_window.HDFCWindow_test@23c30a20]" started-at="2025-07-24T13:06:44 IST" name="LaunchBrowser" finished-at="2025-07-24T13:06:52 IST" duration-ms="7659" status="PASS">
          <reporter-output>
          </reporter-output>
        </test-method> <!-- LaunchBrowser -->
        <test-method signature="HDFC_window()[pri:0, instance:Test_window.HDFCWindow_test@23c30a20]" started-at="2025-07-24T13:06:52 IST" name="HDFC_window" finished-at="2025-07-24T13:06:52 IST" duration-ms="218" status="PASS">
          <reporter-output>
          </reporter-output>
        </test-method> <!-- HDFC_window -->
      </class> <!-- Test_window.HDFCWindow_test -->
    </test> <!-- Default test -->
  </suite> <!-- Default suite -->
</testng-results>
